2018-01-08 10:41:50,525 INFO [org.springframework.web.context.ContextLoader] - Root WebApplicationContext: initialization started
2018-01-08 10:41:50,556 INFO [org.springframework.web.context.support.XmlWebApplicationContext] - Refreshing Root WebApplicationContext: startup date [Mon Jan 08 10:41:50 CST 2018]; root of context hierarchy
2018-01-08 10:41:50,581 INFO [org.springframework.beans.factory.xml.XmlBeanDefinitionReader] - Loading XML bean definitions from class path resource [config/spring/applicationContext-webBase.xml]
2018-01-08 10:41:50,805 INFO [org.springframework.beans.factory.xml.XmlBeanDefinitionReader] - Loading XML bean definitions from class path resource [config/spring/applicationContext-env.xml]
2018-01-08 10:41:50,851 INFO [org.springframework.beans.factory.xml.DefaultBeanDefinitionDocumentReader] - Skipped XML bean definition file due to specified profiles [sit] not matching: class path resource [config/spring/applicationContext-env.xml]
2018-01-08 10:41:50,851 INFO [org.springframework.beans.factory.xml.DefaultBeanDefinitionDocumentReader] - Skipped XML bean definition file due to specified profiles [uat] not matching: class path resource [config/spring/applicationContext-env.xml]
2018-01-08 10:41:50,852 INFO [org.springframework.beans.factory.xml.DefaultBeanDefinitionDocumentReader] - Skipped XML bean definition file due to specified profiles [stage] not matching: class path resource [config/spring/applicationContext-env.xml]
2018-01-08 10:41:50,852 INFO [org.springframework.beans.factory.xml.DefaultBeanDefinitionDocumentReader] - Skipped XML bean definition file due to specified profiles [prd] not matching: class path resource [config/spring/applicationContext-env.xml]
2018-01-08 10:41:50,853 INFO [org.springframework.beans.factory.xml.XmlBeanDefinitionReader] - Loading XML bean definitions from URL [jar:file:/D:/maven/self_repository/com/yatang/xc/oc/base/redis/xcoc-redis-client/dev-SNAPSHOT/xcoc-redis-client-dev-SNAPSHOT.jar!/config/spring/redis.xml]
2018-01-08 10:41:50,931 INFO [com.alibaba.dubbo.common.logger.LoggerFactory] - using logger: com.alibaba.dubbo.common.logger.log4j.Log4jLoggerAdapter
2018-01-08 10:41:50,946 INFO [org.springframework.beans.factory.xml.XmlBeanDefinitionReader] - Loading XML bean definitions from URL [jar:file:/D:/maven/self_repository/com/yatang/xc/xcr/web/xcr-web-base/dev-SNAPSHOT/xcr-web-base-dev-SNAPSHOT.jar!/config/spring/applicationContext-env.xml]
2018-01-08 10:41:50,963 INFO [org.springframework.beans.factory.xml.DefaultBeanDefinitionDocumentReader] - Skipped XML bean definition file due to specified profiles [sit] not matching: URL [jar:file:/D:/maven/self_repository/com/yatang/xc/xcr/web/xcr-web-base/dev-SNAPSHOT/xcr-web-base-dev-SNAPSHOT.jar!/config/spring/applicationContext-env.xml]
2018-01-08 10:41:50,964 INFO [org.springframework.beans.factory.xml.DefaultBeanDefinitionDocumentReader] - Skipped XML bean definition file due to specified profiles [uat] not matching: URL [jar:file:/D:/maven/self_repository/com/yatang/xc/xcr/web/xcr-web-base/dev-SNAPSHOT/xcr-web-base-dev-SNAPSHOT.jar!/config/spring/applicationContext-env.xml]
2018-01-08 10:41:50,964 INFO [org.springframework.beans.factory.xml.DefaultBeanDefinitionDocumentReader] - Skipped XML bean definition file due to specified profiles [stage] not matching: URL [jar:file:/D:/maven/self_repository/com/yatang/xc/xcr/web/xcr-web-base/dev-SNAPSHOT/xcr-web-base-dev-SNAPSHOT.jar!/config/spring/applicationContext-env.xml]
2018-01-08 10:41:50,964 INFO [org.springframework.beans.factory.xml.DefaultBeanDefinitionDocumentReader] - Skipped XML bean definition file due to specified profiles [prd] not matching: URL [jar:file:/D:/maven/self_repository/com/yatang/xc/xcr/web/xcr-web-base/dev-SNAPSHOT/xcr-web-base-dev-SNAPSHOT.jar!/config/spring/applicationContext-env.xml]
2018-01-08 10:41:51,045 INFO [org.springframework.beans.factory.annotation.AutowiredAnnotationBeanPostProcessor] - JSR-330 'javax.inject.Inject' annotation found and supported for autowiring
2018-01-08 10:41:51,220 WARN [org.springframework.web.context.support.XmlWebApplicationContext] - Exception encountered during context initialization - cancelling refresh attempt: org.springframework.beans.factory.UnsatisfiedDependencyException: Error creating bean with name 'redisAdapterServieImpl': Unsatisfied dependency expressed through field 'redisDubboServie'; nested exception is org.springframework.beans.factory.BeanCreationException: Error creating bean with name 'redisDubboServieNew': FactoryBean threw exception on object creation; nested exception is java.lang.IllegalStateException: No such application config! Please add <dubbo:application name="..." /> to your spring config.
2018-01-08 10:41:51,221 ERROR [org.springframework.web.context.ContextLoader] - Context initialization failed
org.springframework.beans.factory.UnsatisfiedDependencyException: Error creating bean with name 'redisAdapterServieImpl': Unsatisfied dependency expressed through field 'redisDubboServie'; nested exception is org.springframework.beans.factory.BeanCreationException: Error creating bean with name 'redisDubboServieNew': FactoryBean threw exception on object creation; nested exception is java.lang.IllegalStateException: No such application config! Please add <dubbo:application name="..." /> to your spring config.
	at org.springframework.beans.factory.annotation.AutowiredAnnotationBeanPostProcessor$AutowiredFieldElement.inject(AutowiredAnnotationBeanPostProcessor.java:588)
	at org.springframework.beans.factory.annotation.InjectionMetadata.inject(InjectionMetadata.java:88)
	at org.springframework.beans.factory.annotation.AutowiredAnnotationBeanPostProcessor.postProcessPropertyValues(AutowiredAnnotationBeanPostProcessor.java:366)
	at org.springframework.beans.factory.support.AbstractAutowireCapableBeanFactory.populateBean(AbstractAutowireCapableBeanFactory.java:1264)
	at org.springframework.beans.factory.support.AbstractAutowireCapableBeanFactory.doCreateBean(AbstractAutowireCapableBeanFactory.java:553)
	at org.springframework.beans.factory.support.AbstractAutowireCapableBeanFactory.createBean(AbstractAutowireCapableBeanFactory.java:483)
	at org.springframework.beans.factory.support.AbstractBeanFactory$1.getObject(AbstractBeanFactory.java:306)
	at org.springframework.beans.factory.support.DefaultSingletonBeanRegistry.getSingleton(DefaultSingletonBeanRegistry.java:230)
	at org.springframework.beans.factory.support.AbstractBeanFactory.doGetBean(AbstractBeanFactory.java:302)
	at org.springframework.beans.factory.support.AbstractBeanFactory.getBean(AbstractBeanFactory.java:197)
	at org.springframework.beans.factory.support.DefaultListableBeanFactory.preInstantiateSingletons(DefaultListableBeanFactory.java:761)
	at org.springframework.context.support.AbstractApplicationContext.finishBeanFactoryInitialization(AbstractApplicationContext.java:866)
	at org.springframework.context.support.AbstractApplicationContext.refresh(AbstractApplicationContext.java:542)
	at org.springframework.web.context.ContextLoader.configureAndRefreshWebApplicationContext(ContextLoader.java:443)
	at org.springframework.web.context.ContextLoader.initWebApplicationContext(ContextLoader.java:325)
	at org.springframework.web.context.ContextLoaderListener.contextInitialized(ContextLoaderListener.java:107)
	at org.eclipse.jetty.server.handler.ContextHandler.callContextInitialized(ContextHandler.java:794)
	at org.eclipse.jetty.servlet.ServletContextHandler.callContextInitialized(ServletContextHandler.java:522)
	at org.eclipse.jetty.server.handler.ContextHandler.startContext(ContextHandler.java:785)
	at org.eclipse.jetty.servlet.ServletContextHandler.startContext(ServletContextHandler.java:341)
	at org.eclipse.jetty.webapp.WebAppContext.startWebapp(WebAppContext.java:1357)
	at org.eclipse.jetty.maven.plugin.JettyWebAppContext.startWebapp(JettyWebAppContext.java:297)
	at org.eclipse.jetty.webapp.WebAppContext.startContext(WebAppContext.java:1350)
	at org.eclipse.jetty.server.handler.ContextHandler.doStart(ContextHandler.java:734)
	at org.eclipse.jetty.servlet.ServletContextHandler.doStart(ServletContextHandler.java:258)
	at org.eclipse.jetty.webapp.WebAppContext.doStart(WebAppContext.java:512)
	at org.eclipse.jetty.maven.plugin.JettyWebAppContext.doStart(JettyWebAppContext.java:369)
	at org.eclipse.jetty.util.component.AbstractLifeCycle.start(AbstractLifeCycle.java:68)
	at org.eclipse.jetty.util.component.ContainerLifeCycle.start(ContainerLifeCycle.java:132)
	at org.eclipse.jetty.util.component.ContainerLifeCycle.doStart(ContainerLifeCycle.java:114)
	at org.eclipse.jetty.server.handler.AbstractHandler.doStart(AbstractHandler.java:61)
	at org.eclipse.jetty.server.handler.ContextHandlerCollection.doStart(ContextHandlerCollection.java:161)
	at org.eclipse.jetty.util.component.AbstractLifeCycle.start(AbstractLifeCycle.java:68)
	at org.eclipse.jetty.util.component.ContainerLifeCycle.start(ContainerLifeCycle.java:132)
	at org.eclipse.jetty.util.component.ContainerLifeCycle.doStart(ContainerLifeCycle.java:114)
	at org.eclipse.jetty.server.handler.AbstractHandler.doStart(AbstractHandler.java:61)
	at org.eclipse.jetty.util.component.AbstractLifeCycle.start(AbstractLifeCycle.java:68)
	at org.eclipse.jetty.util.component.ContainerLifeCycle.start(ContainerLifeCycle.java:132)
	at org.eclipse.jetty.server.Server.start(Server.java:402)
	at org.eclipse.jetty.util.component.ContainerLifeCycle.doStart(ContainerLifeCycle.java:114)
	at org.eclipse.jetty.server.handler.AbstractHandler.doStart(AbstractHandler.java:61)
	at org.eclipse.jetty.server.Server.doStart(Server.java:369)
	at org.eclipse.jetty.util.component.AbstractLifeCycle.start(AbstractLifeCycle.java:68)
	at org.eclipse.jetty.maven.plugin.AbstractJettyMojo.startJetty(AbstractJettyMojo.java:467)
	at org.eclipse.jetty.maven.plugin.AbstractJettyMojo.execute(AbstractJettyMojo.java:338)
	at org.eclipse.jetty.maven.plugin.JettyRunMojo.execute(JettyRunMojo.java:161)
	at org.apache.maven.plugin.DefaultBuildPluginManager.executeMojo(DefaultBuildPluginManager.java:101)
	at org.apache.maven.lifecycle.internal.MojoExecutor.execute(MojoExecutor.java:209)
	at org.apache.maven.lifecycle.internal.MojoExecutor.execute(MojoExecutor.java:153)
	at org.apache.maven.lifecycle.internal.MojoExecutor.execute(MojoExecutor.java:145)
	at org.apache.maven.lifecycle.internal.LifecycleModuleBuilder.buildProject(LifecycleModuleBuilder.java:84)
	at org.apache.maven.lifecycle.internal.LifecycleModuleBuilder.buildProject(LifecycleModuleBuilder.java:59)
	at org.apache.maven.lifecycle.internal.LifecycleStarter.singleThreadedBuild(LifecycleStarter.java:183)
	at org.apache.maven.lifecycle.internal.LifecycleStarter.execute(LifecycleStarter.java:161)
	at org.apache.maven.DefaultMaven.doExecute(DefaultMaven.java:320)
	at org.apache.maven.DefaultMaven.execute(DefaultMaven.java:156)
	at org.apache.maven.cli.MavenCli.execute(MavenCli.java:537)
	at org.apache.maven.cli.MavenCli.doMain(MavenCli.java:196)
	at org.apache.maven.cli.MavenCli.main(MavenCli.java:141)
	at sun.reflect.NativeMethodAccessorImpl.invoke0(Native Method)
	at sun.reflect.NativeMethodAccessorImpl.invoke(NativeMethodAccessorImpl.java:57)
	at sun.reflect.DelegatingMethodAccessorImpl.invoke(DelegatingMethodAccessorImpl.java:43)
	at java.lang.reflect.Method.invoke(Method.java:606)
	at org.codehaus.plexus.classworlds.launcher.Launcher.launchEnhanced(Launcher.java:290)
	at org.codehaus.plexus.classworlds.launcher.Launcher.launch(Launcher.java:230)
	at org.codehaus.plexus.classworlds.launcher.Launcher.mainWithExitCode(Launcher.java:409)
	at org.codehaus.plexus.classworlds.launcher.Launcher.main(Launcher.java:352)
	at org.codehaus.classworlds.Launcher.main(Launcher.java:47)
	at sun.reflect.NativeMethodAccessorImpl.invoke0(Native Method)
	at sun.reflect.NativeMethodAccessorImpl.invoke(NativeMethodAccessorImpl.java:57)
	at sun.reflect.DelegatingMethodAccessorImpl.invoke(DelegatingMethodAccessorImpl.java:43)
	at java.lang.reflect.Method.invoke(Method.java:606)
	at com.intellij.rt.execution.application.AppMain.main(AppMain.java:144)
Caused by: org.springframework.beans.factory.BeanCreationException: Error creating bean with name 'redisDubboServieNew': FactoryBean threw exception on object creation; nested exception is java.lang.IllegalStateException: No such application config! Please add <dubbo:application name="..." /> to your spring config.
	at org.springframework.beans.factory.support.FactoryBeanRegistrySupport.doGetObjectFromFactoryBean(FactoryBeanRegistrySupport.java:175)
	at org.springframework.beans.factory.support.FactoryBeanRegistrySupport.getObjectFromFactoryBean(FactoryBeanRegistrySupport.java:103)
	at org.springframework.beans.factory.support.AbstractBeanFactory.getObjectForBeanInstance(AbstractBeanFactory.java:1634)
	at org.springframework.beans.factory.support.AbstractBeanFactory.doGetBean(AbstractBeanFactory.java:254)
	at org.springframework.beans.factory.support.AbstractBeanFactory.getBean(AbstractBeanFactory.java:202)
	at org.springframework.beans.factory.config.DependencyDescriptor.resolveCandidate(DependencyDescriptor.java:208)
	at org.springframework.beans.factory.support.DefaultListableBeanFactory.addCandidateEntry(DefaultListableBeanFactory.java:1309)
	at org.springframework.beans.factory.support.DefaultListableBeanFactory.findAutowireCandidates(DefaultListableBeanFactory.java:1275)
	at org.springframework.beans.factory.support.DefaultListableBeanFactory.doResolveDependency(DefaultListableBeanFactory.java:1101)
	at org.springframework.beans.factory.support.DefaultListableBeanFactory.resolveDependency(DefaultListableBeanFactory.java:1066)
	at org.springframework.beans.factory.annotation.AutowiredAnnotationBeanPostProcessor$AutowiredFieldElement.inject(AutowiredAnnotationBeanPostProcessor.java:585)
	... 72 more
Caused by: java.lang.IllegalStateException: No such application config! Please add <dubbo:application name="..." /> to your spring config.
	at com.alibaba.dubbo.config.AbstractInterfaceConfig.checkApplication(AbstractInterfaceConfig.java:142)
	at com.alibaba.dubbo.config.ReferenceConfig.init(ReferenceConfig.java:253)
	at com.alibaba.dubbo.config.ReferenceConfig.get(ReferenceConfig.java:138)
	at com.alibaba.dubbo.config.spring.ReferenceBean.getObject(ReferenceBean.java:65)
	at org.springframework.beans.factory.support.FactoryBeanRegistrySupport.doGetObjectFromFactoryBean(FactoryBeanRegistrySupport.java:168)
	... 82 more
2018-01-08 10:41:51,576 WARN [com.alibaba.dubbo.config.AbstractConfig] -  [DUBBO] ReferenceConfig(null) is not DESTROYED when FINALIZE, dubbo version: 2.8.4, current host: 127.0.0.1
2018-01-08 10:41:51,576 INFO [com.alibaba.dubbo.config.AbstractConfig] -  [DUBBO] Run shutdown hook now., dubbo version: 2.8.4, current host: 127.0.0.1
2018-01-08 10:41:51,577 INFO [com.alibaba.dubbo.registry.support.AbstractRegistryFactory] -  [DUBBO] Close all registries [], dubbo version: 2.8.4, current host: 127.0.0.1
