2018-01-17 12:50:34,300 INFO [org.springframework.test.context.support.DefaultTestContextBootstrapper] - Loaded default TestExecutionListener class names from location [META-INF/spring.factories]: [org.springframework.test.context.web.ServletTestExecutionListener, org.springframework.test.context.support.DirtiesContextBeforeModesTestExecutionListener, org.springframework.test.context.support.DependencyInjectionTestExecutionListener, org.springframework.test.context.support.DirtiesContextTestExecutionListener, org.springframework.test.context.transaction.TransactionalTestExecutionListener, org.springframework.test.context.jdbc.SqlScriptsTestExecutionListener]
2018-01-17 12:50:34,352 INFO [org.springframework.test.context.support.DefaultTestContextBootstrapper] - Using TestExecutionListeners: [org.springframework.test.context.web.ServletTestExecutionListener@9876148, org.springframework.test.context.support.DirtiesContextBeforeModesTestExecutionListener@1703c2db, org.springframework.test.context.support.DependencyInjectionTestExecutionListener@77edc3aa, org.springframework.test.context.support.DirtiesContextTestExecutionListener@1ac90b69, org.springframework.test.context.transaction.TransactionalTestExecutionListener@50c283c, org.springframework.test.context.jdbc.SqlScriptsTestExecutionListener@61257dba]
2018-01-17 12:50:35,493 INFO [org.springframework.beans.factory.xml.XmlBeanDefinitionReader] - Loading XML bean definitions from URL [file:/D:/workspace/backend/trunk/xcr-message/xcr-message-dubbo/target/test-classes/test/applicationContext-test.xml]
2018-01-17 12:50:35,884 INFO [org.springframework.beans.factory.xml.XmlBeanDefinitionReader] - Loading XML bean definitions from file [D:\workspace\backend\trunk\xcr-message\xcr-message-dubbo\target\classes\spring\applicationContext-dubbo.xml]
2018-01-17 12:50:37,462 INFO [org.springframework.beans.factory.xml.XmlBeanDefinitionReader] - Loading XML bean definitions from URL [jar:file:/D:/maven/self_repository/com/yatang/xc/oc/core/org/core-org-client/dev-SNAPSHOT/core-org-client-dev-20180111.080256-304.jar!/com/yatang/xc/mbd/biz/org/dubboservice/dubbo-consumer.xml]
2018-01-17 12:50:37,517 INFO [com.alibaba.dubbo.common.logger.LoggerFactory] - using logger: com.alibaba.dubbo.common.logger.log4j.Log4jLoggerAdapter
2018-01-17 12:50:37,544 INFO [org.springframework.beans.factory.xml.XmlBeanDefinitionReader] - Loading XML bean definitions from URL [file:/D:/workspace/backend/trunk/xcr-core/xcr-core-client/target/classes/com/yatang/xc/xcr/biz/core/dubboservice/dubbo-consumer.xml]
2018-01-17 12:50:38,436 INFO [org.springframework.beans.factory.xml.XmlBeanDefinitionReader] - Loading XML bean definitions from file [D:\workspace\backend\trunk\xcr-message\xcr-message-service\target\classes\spring\applicationContext-env.xml]
2018-01-17 12:50:38,454 INFO [org.springframework.beans.factory.xml.DefaultBeanDefinitionDocumentReader] - Skipped XML bean definition file due to specified profiles [dev] not matching: file [D:\workspace\backend\trunk\xcr-message\xcr-message-service\target\classes\spring\applicationContext-env.xml]
2018-01-17 12:50:38,454 INFO [org.springframework.beans.factory.xml.DefaultBeanDefinitionDocumentReader] - Skipped XML bean definition file due to specified profiles [sit] not matching: file [D:\workspace\backend\trunk\xcr-message\xcr-message-service\target\classes\spring\applicationContext-env.xml]
2018-01-17 12:50:38,454 INFO [org.springframework.beans.factory.xml.DefaultBeanDefinitionDocumentReader] - Skipped XML bean definition file due to specified profiles [uat] not matching: file [D:\workspace\backend\trunk\xcr-message\xcr-message-service\target\classes\spring\applicationContext-env.xml]
2018-01-17 12:50:38,454 INFO [org.springframework.beans.factory.xml.DefaultBeanDefinitionDocumentReader] - Skipped XML bean definition file due to specified profiles [stage] not matching: file [D:\workspace\backend\trunk\xcr-message\xcr-message-service\target\classes\spring\applicationContext-env.xml]
2018-01-17 12:50:38,454 INFO [org.springframework.beans.factory.xml.DefaultBeanDefinitionDocumentReader] - Skipped XML bean definition file due to specified profiles [prd] not matching: file [D:\workspace\backend\trunk\xcr-message\xcr-message-service\target\classes\spring\applicationContext-env.xml]
2018-01-17 12:50:38,455 INFO [org.springframework.beans.factory.xml.XmlBeanDefinitionReader] - Loading XML bean definitions from file [D:\workspace\backend\trunk\xcr-message\xcr-message-service\target\classes\spring\applicationContext-redis.xml]
2018-01-17 12:50:38,471 INFO [org.springframework.beans.factory.xml.XmlBeanDefinitionReader] - Loading XML bean definitions from file [D:\workspace\backend\trunk\xcr-message\xcr-message-service\target\classes\spring\applicationContext.xml]
2018-01-17 12:50:38,559 INFO [org.springframework.beans.factory.xml.XmlBeanDefinitionReader] - Loading XML bean definitions from URL [jar:file:/D:/maven/self_repository/com/busi/mongo/busi-mongo/dev-SNAPSHOT/busi-mongo-dev-20180108.043425-49.jar!/spring/applicationContext.xml]
2018-01-17 12:50:38,579 INFO [org.springframework.context.support.GenericApplicationContext] - Refreshing org.springframework.context.support.GenericApplicationContext@466b56b: startup date [Wed Jan 17 12:50:38 CST 2018]; root of context hierarchy
2018-01-17 12:50:38,820 WARN [org.mybatis.spring.mapper.ClassPathMapperScanner] - No MyBatis mapper was found in '[com.yatang.xc.xcr.biz.mission.dao]' package. Please check your configuration.
2018-01-17 12:50:38,877 WARN [org.springframework.context.support.GenericApplicationContext] - Exception encountered during context initialization - cancelling refresh attempt: org.springframework.beans.factory.BeanCreationException: Error creating bean with name 'jpushMsgDubboService' defined in file [D:\workspace\backend\trunk\xcr-message\xcr-message-dubbo\target\classes\com\yatang\xc\xcr\biz\message\dubboservice\impl\JpushMsgDubboServiceImpl.class]: Instantiation of bean failed; nested exception is java.lang.ExceptionInInitializerError
2018-01-17 12:50:38,879 ERROR [org.springframework.test.context.TestContextManager] - Caught exception while allowing TestExecutionListener [org.springframework.test.context.support.DependencyInjectionTestExecutionListener@77edc3aa] to prepare test instance [test.com.yatang.xc.xcr.biz.TestJpushMsgDubboService@245f1abb]
java.lang.IllegalStateException: Failed to load ApplicationContext
	at org.springframework.test.context.cache.DefaultCacheAwareContextLoaderDelegate.loadContext(DefaultCacheAwareContextLoaderDelegate.java:124)
	at org.springframework.test.context.support.DefaultTestContext.getApplicationContext(DefaultTestContext.java:83)
	at org.springframework.test.context.support.DependencyInjectionTestExecutionListener.injectDependencies(DependencyInjectionTestExecutionListener.java:117)
	at org.springframework.test.context.support.DependencyInjectionTestExecutionListener.prepareTestInstance(DependencyInjectionTestExecutionListener.java:83)
	at org.springframework.test.context.TestContextManager.prepareTestInstance(TestContextManager.java:230)
	at org.springframework.test.context.junit4.SpringJUnit4ClassRunner.createTest(SpringJUnit4ClassRunner.java:228)
	at org.springframework.test.context.junit4.SpringJUnit4ClassRunner$1.runReflectiveCall(SpringJUnit4ClassRunner.java:287)
	at org.junit.internal.runners.model.ReflectiveCallable.run(ReflectiveCallable.java:12)
	at org.springframework.test.context.junit4.SpringJUnit4ClassRunner.methodBlock(SpringJUnit4ClassRunner.java:289)
	at org.springframework.test.context.junit4.SpringJUnit4ClassRunner.runChild(SpringJUnit4ClassRunner.java:247)
	at org.springframework.test.context.junit4.SpringJUnit4ClassRunner.runChild(SpringJUnit4ClassRunner.java:94)
	at org.junit.runners.ParentRunner$3.run(ParentRunner.java:290)
	at org.junit.runners.ParentRunner$1.schedule(ParentRunner.java:71)
	at org.junit.runners.ParentRunner.runChildren(ParentRunner.java:288)
	at org.junit.runners.ParentRunner.access$000(ParentRunner.java:58)
	at org.junit.runners.ParentRunner$2.evaluate(ParentRunner.java:268)
	at org.springframework.test.context.junit4.statements.RunBeforeTestClassCallbacks.evaluate(RunBeforeTestClassCallbacks.java:61)
	at org.springframework.test.context.junit4.statements.RunAfterTestClassCallbacks.evaluate(RunAfterTestClassCallbacks.java:70)
	at org.junit.runners.ParentRunner.run(ParentRunner.java:363)
	at org.springframework.test.context.junit4.SpringJUnit4ClassRunner.run(SpringJUnit4ClassRunner.java:191)
	at org.junit.runner.JUnitCore.run(JUnitCore.java:137)
	at com.intellij.junit4.JUnit4IdeaTestRunner.startRunnerWithArgs(JUnit4IdeaTestRunner.java:119)
	at com.intellij.junit4.JUnit4IdeaTestRunner.startRunnerWithArgs(JUnit4IdeaTestRunner.java:42)
	at com.intellij.rt.execution.junit.JUnitStarter.prepareStreamsAndStart(JUnitStarter.java:234)
	at com.intellij.rt.execution.junit.JUnitStarter.main(JUnitStarter.java:74)
	at sun.reflect.NativeMethodAccessorImpl.invoke0(Native Method)
	at sun.reflect.NativeMethodAccessorImpl.invoke(NativeMethodAccessorImpl.java:57)
	at sun.reflect.DelegatingMethodAccessorImpl.invoke(DelegatingMethodAccessorImpl.java:43)
	at java.lang.reflect.Method.invoke(Method.java:606)
	at com.intellij.rt.execution.application.AppMain.main(AppMain.java:144)
Caused by: org.springframework.beans.factory.BeanCreationException: Error creating bean with name 'jpushMsgDubboService' defined in file [D:\workspace\backend\trunk\xcr-message\xcr-message-dubbo\target\classes\com\yatang\xc\xcr\biz\message\dubboservice\impl\JpushMsgDubboServiceImpl.class]: Instantiation of bean failed; nested exception is java.lang.ExceptionInInitializerError
	at org.springframework.beans.factory.support.AbstractAutowireCapableBeanFactory.instantiateBean(AbstractAutowireCapableBeanFactory.java:1155)
	at org.springframework.beans.factory.support.AbstractAutowireCapableBeanFactory.createBeanInstance(AbstractAutowireCapableBeanFactory.java:1099)
	at org.springframework.beans.factory.support.AbstractAutowireCapableBeanFactory.doCreateBean(AbstractAutowireCapableBeanFactory.java:513)
	at org.springframework.beans.factory.support.AbstractAutowireCapableBeanFactory.createBean(AbstractAutowireCapableBeanFactory.java:483)
	at org.springframework.beans.factory.support.AbstractBeanFactory$1.getObject(AbstractBeanFactory.java:306)
	at org.springframework.beans.factory.support.DefaultSingletonBeanRegistry.getSingleton(DefaultSingletonBeanRegistry.java:230)
	at org.springframework.beans.factory.support.AbstractBeanFactory.doGetBean(AbstractBeanFactory.java:302)
	at org.springframework.beans.factory.support.AbstractBeanFactory.getBean(AbstractBeanFactory.java:197)
	at org.springframework.beans.factory.support.DefaultListableBeanFactory.preInstantiateSingletons(DefaultListableBeanFactory.java:761)
	at org.springframework.context.support.AbstractApplicationContext.finishBeanFactoryInitialization(AbstractApplicationContext.java:866)
	at org.springframework.context.support.AbstractApplicationContext.refresh(AbstractApplicationContext.java:542)
	at org.springframework.test.context.support.AbstractGenericContextLoader.loadContext(AbstractGenericContextLoader.java:128)
	at org.springframework.test.context.support.AbstractGenericContextLoader.loadContext(AbstractGenericContextLoader.java:60)
	at org.springframework.test.context.support.AbstractDelegatingSmartContextLoader.delegateLoading(AbstractDelegatingSmartContextLoader.java:108)
	at org.springframework.test.context.support.AbstractDelegatingSmartContextLoader.loadContext(AbstractDelegatingSmartContextLoader.java:251)
	at org.springframework.test.context.cache.DefaultCacheAwareContextLoaderDelegate.loadContextInternal(DefaultCacheAwareContextLoaderDelegate.java:98)
	at org.springframework.test.context.cache.DefaultCacheAwareContextLoaderDelegate.loadContext(DefaultCacheAwareContextLoaderDelegate.java:116)
	... 29 more
Caused by: java.lang.ExceptionInInitializerError
	at sun.reflect.NativeConstructorAccessorImpl.newInstance0(Native Method)
	at sun.reflect.NativeConstructorAccessorImpl.newInstance(NativeConstructorAccessorImpl.java:57)
	at sun.reflect.DelegatingConstructorAccessorImpl.newInstance(DelegatingConstructorAccessorImpl.java:45)
	at java.lang.reflect.Constructor.newInstance(Constructor.java:526)
	at org.springframework.beans.BeanUtils.instantiateClass(BeanUtils.java:142)
	at org.springframework.beans.factory.support.SimpleInstantiationStrategy.instantiate(SimpleInstantiationStrategy.java:89)
	at org.springframework.beans.factory.support.AbstractAutowireCapableBeanFactory.instantiateBean(AbstractAutowireCapableBeanFactory.java:1147)
	... 45 more
Caused by: java.lang.IllegalArgumentException: Properties file not found in classpath: jpush.properties
	at com.yatang.xc.xcr.biz.message.util.Prop.<init>(Prop.java:28)
	at com.yatang.xc.xcr.biz.message.util.PropUtil.use(PropUtil.java:28)
	at com.yatang.xc.xcr.biz.message.util.PropUtil.use(PropUtil.java:19)
	at com.yatang.xc.xcr.biz.message.dubboservice.impl.JpushMsgDubboServiceImpl.<clinit>(JpushMsgDubboServiceImpl.java:30)
	... 52 more
2018-01-17 12:55:05,476 INFO [org.springframework.test.context.web.WebTestContextBootstrapper] - Loaded default TestExecutionListener class names from location [META-INF/spring.factories]: [org.springframework.test.context.web.ServletTestExecutionListener, org.springframework.test.context.support.DirtiesContextBeforeModesTestExecutionListener, org.springframework.test.context.support.DependencyInjectionTestExecutionListener, org.springframework.test.context.support.DirtiesContextTestExecutionListener, org.springframework.test.context.transaction.TransactionalTestExecutionListener, org.springframework.test.context.jdbc.SqlScriptsTestExecutionListener]
2018-01-17 12:55:05,489 INFO [org.springframework.test.context.web.WebTestContextBootstrapper] - Using TestExecutionListeners: [org.springframework.test.context.web.ServletTestExecutionListener@7d7c88d4, org.springframework.test.context.support.DirtiesContextBeforeModesTestExecutionListener@7afb56a8, org.springframework.test.context.support.DependencyInjectionTestExecutionListener@af66eac, org.springframework.test.context.support.DirtiesContextTestExecutionListener@38dbe3d3, org.springframework.test.context.transaction.TransactionalTestExecutionListener@6c4a4ece, org.springframework.test.context.jdbc.SqlScriptsTestExecutionListener@27beded]
2018-01-17 12:55:05,787 INFO [org.springframework.beans.factory.xml.XmlBeanDefinitionReader] - Loading XML bean definitions from URL [file:/D:/workspace/backend/trunk/xcr-message/xcr-message-dubbo/target/test-classes/test/applicationContext-test.xml]
2018-01-17 12:55:05,895 INFO [org.springframework.beans.factory.xml.XmlBeanDefinitionReader] - Loading XML bean definitions from file [D:\workspace\backend\trunk\xcr-message\xcr-message-dubbo\target\classes\spring\applicationContext-dubbo.xml]
2018-01-17 12:55:06,057 INFO [org.springframework.beans.factory.xml.XmlBeanDefinitionReader] - Loading XML bean definitions from URL [jar:file:/D:/maven/self_repository/com/yatang/xc/oc/core/org/core-org-client/dev-SNAPSHOT/core-org-client-dev-20180111.080256-304.jar!/com/yatang/xc/mbd/biz/org/dubboservice/dubbo-consumer.xml]
2018-01-17 12:55:06,111 INFO [com.alibaba.dubbo.common.logger.LoggerFactory] - using logger: com.alibaba.dubbo.common.logger.log4j.Log4jLoggerAdapter
2018-01-17 12:55:06,141 INFO [org.springframework.beans.factory.xml.XmlBeanDefinitionReader] - Loading XML bean definitions from URL [file:/D:/workspace/backend/trunk/xcr-core/xcr-core-client/target/classes/com/yatang/xc/xcr/biz/core/dubboservice/dubbo-consumer.xml]
2018-01-17 12:55:06,213 INFO [org.springframework.beans.factory.xml.XmlBeanDefinitionReader] - Loading XML bean definitions from file [D:\workspace\backend\trunk\xcr-message\xcr-message-service\target\classes\spring\applicationContext-env.xml]
2018-01-17 12:55:06,254 INFO [org.springframework.beans.factory.xml.DefaultBeanDefinitionDocumentReader] - Skipped XML bean definition file due to specified profiles [dev] not matching: file [D:\workspace\backend\trunk\xcr-message\xcr-message-service\target\classes\spring\applicationContext-env.xml]
2018-01-17 12:55:06,254 INFO [org.springframework.beans.factory.xml.DefaultBeanDefinitionDocumentReader] - Skipped XML bean definition file due to specified profiles [sit] not matching: file [D:\workspace\backend\trunk\xcr-message\xcr-message-service\target\classes\spring\applicationContext-env.xml]
2018-01-17 12:55:06,255 INFO [org.springframework.beans.factory.xml.DefaultBeanDefinitionDocumentReader] - Skipped XML bean definition file due to specified profiles [uat] not matching: file [D:\workspace\backend\trunk\xcr-message\xcr-message-service\target\classes\spring\applicationContext-env.xml]
2018-01-17 12:55:06,255 INFO [org.springframework.beans.factory.xml.DefaultBeanDefinitionDocumentReader] - Skipped XML bean definition file due to specified profiles [stage] not matching: file [D:\workspace\backend\trunk\xcr-message\xcr-message-service\target\classes\spring\applicationContext-env.xml]
2018-01-17 12:55:06,255 INFO [org.springframework.beans.factory.xml.DefaultBeanDefinitionDocumentReader] - Skipped XML bean definition file due to specified profiles [prd] not matching: file [D:\workspace\backend\trunk\xcr-message\xcr-message-service\target\classes\spring\applicationContext-env.xml]
2018-01-17 12:55:06,255 INFO [org.springframework.beans.factory.xml.XmlBeanDefinitionReader] - Loading XML bean definitions from file [D:\workspace\backend\trunk\xcr-message\xcr-message-service\target\classes\spring\applicationContext-redis.xml]
2018-01-17 12:55:06,278 INFO [org.springframework.beans.factory.xml.XmlBeanDefinitionReader] - Loading XML bean definitions from file [D:\workspace\backend\trunk\xcr-message\xcr-message-service\target\classes\spring\applicationContext.xml]
2018-01-17 12:55:06,342 INFO [org.springframework.beans.factory.xml.XmlBeanDefinitionReader] - Loading XML bean definitions from URL [jar:file:/D:/maven/self_repository/com/busi/mongo/busi-mongo/dev-SNAPSHOT/busi-mongo-dev-20180108.043425-49.jar!/spring/applicationContext.xml]
2018-01-17 12:55:06,375 INFO [org.springframework.web.context.support.GenericWebApplicationContext] - Refreshing org.springframework.web.context.support.GenericWebApplicationContext@7903a032: startup date [Wed Jan 17 12:55:06 CST 2018]; root of context hierarchy
2018-01-17 12:55:06,533 WARN [org.mybatis.spring.mapper.ClassPathMapperScanner] - No MyBatis mapper was found in '[com.yatang.xc.xcr.biz.mission.dao]' package. Please check your configuration.
2018-01-17 12:55:06,579 WARN [org.springframework.web.context.support.GenericWebApplicationContext] - Exception encountered during context initialization - cancelling refresh attempt: org.springframework.beans.factory.BeanCreationException: Error creating bean with name 'jpushMsgDubboService' defined in file [D:\workspace\backend\trunk\xcr-message\xcr-message-dubbo\target\classes\com\yatang\xc\xcr\biz\message\dubboservice\impl\JpushMsgDubboServiceImpl.class]: Instantiation of bean failed; nested exception is java.lang.ExceptionInInitializerError
2018-01-17 12:55:06,580 ERROR [org.springframework.test.context.TestContextManager] - Caught exception while allowing TestExecutionListener [org.springframework.test.context.web.ServletTestExecutionListener@7d7c88d4] to prepare test instance [test.com.yatang.xc.xcr.biz.TestJpushMsgDubboService@7eb6ec07]
java.lang.IllegalStateException: Failed to load ApplicationContext
	at org.springframework.test.context.cache.DefaultCacheAwareContextLoaderDelegate.loadContext(DefaultCacheAwareContextLoaderDelegate.java:124)
	at org.springframework.test.context.support.DefaultTestContext.getApplicationContext(DefaultTestContext.java:83)
	at org.springframework.test.context.web.ServletTestExecutionListener.setUpRequestContextIfNecessary(ServletTestExecutionListener.java:189)
	at org.springframework.test.context.web.ServletTestExecutionListener.prepareTestInstance(ServletTestExecutionListener.java:131)
	at org.springframework.test.context.TestContextManager.prepareTestInstance(TestContextManager.java:230)
	at org.springframework.test.context.junit4.SpringJUnit4ClassRunner.createTest(SpringJUnit4ClassRunner.java:228)
	at org.springframework.test.context.junit4.SpringJUnit4ClassRunner$1.runReflectiveCall(SpringJUnit4ClassRunner.java:287)
	at org.junit.internal.runners.model.ReflectiveCallable.run(ReflectiveCallable.java:12)
	at org.springframework.test.context.junit4.SpringJUnit4ClassRunner.methodBlock(SpringJUnit4ClassRunner.java:289)
	at org.springframework.test.context.junit4.SpringJUnit4ClassRunner.runChild(SpringJUnit4ClassRunner.java:247)
	at org.springframework.test.context.junit4.SpringJUnit4ClassRunner.runChild(SpringJUnit4ClassRunner.java:94)
	at org.junit.runners.ParentRunner$3.run(ParentRunner.java:290)
	at org.junit.runners.ParentRunner$1.schedule(ParentRunner.java:71)
	at org.junit.runners.ParentRunner.runChildren(ParentRunner.java:288)
	at org.junit.runners.ParentRunner.access$000(ParentRunner.java:58)
	at org.junit.runners.ParentRunner$2.evaluate(ParentRunner.java:268)
	at org.springframework.test.context.junit4.statements.RunBeforeTestClassCallbacks.evaluate(RunBeforeTestClassCallbacks.java:61)
	at org.springframework.test.context.junit4.statements.RunAfterTestClassCallbacks.evaluate(RunAfterTestClassCallbacks.java:70)
	at org.junit.runners.ParentRunner.run(ParentRunner.java:363)
	at org.springframework.test.context.junit4.SpringJUnit4ClassRunner.run(SpringJUnit4ClassRunner.java:191)
	at org.junit.runner.JUnitCore.run(JUnitCore.java:137)
	at com.intellij.junit4.JUnit4IdeaTestRunner.startRunnerWithArgs(JUnit4IdeaTestRunner.java:119)
	at com.intellij.junit4.JUnit4IdeaTestRunner.startRunnerWithArgs(JUnit4IdeaTestRunner.java:42)
	at com.intellij.rt.execution.junit.JUnitStarter.prepareStreamsAndStart(JUnitStarter.java:234)
	at com.intellij.rt.execution.junit.JUnitStarter.main(JUnitStarter.java:74)
	at sun.reflect.NativeMethodAccessorImpl.invoke0(Native Method)
	at sun.reflect.NativeMethodAccessorImpl.invoke(NativeMethodAccessorImpl.java:57)
	at sun.reflect.DelegatingMethodAccessorImpl.invoke(DelegatingMethodAccessorImpl.java:43)
	at java.lang.reflect.Method.invoke(Method.java:606)
	at com.intellij.rt.execution.application.AppMain.main(AppMain.java:144)
Caused by: org.springframework.beans.factory.BeanCreationException: Error creating bean with name 'jpushMsgDubboService' defined in file [D:\workspace\backend\trunk\xcr-message\xcr-message-dubbo\target\classes\com\yatang\xc\xcr\biz\message\dubboservice\impl\JpushMsgDubboServiceImpl.class]: Instantiation of bean failed; nested exception is java.lang.ExceptionInInitializerError
	at org.springframework.beans.factory.support.AbstractAutowireCapableBeanFactory.instantiateBean(AbstractAutowireCapableBeanFactory.java:1155)
	at org.springframework.beans.factory.support.AbstractAutowireCapableBeanFactory.createBeanInstance(AbstractAutowireCapableBeanFactory.java:1099)
	at org.springframework.beans.factory.support.AbstractAutowireCapableBeanFactory.doCreateBean(AbstractAutowireCapableBeanFactory.java:513)
	at org.springframework.beans.factory.support.AbstractAutowireCapableBeanFactory.createBean(AbstractAutowireCapableBeanFactory.java:483)
	at org.springframework.beans.factory.support.AbstractBeanFactory$1.getObject(AbstractBeanFactory.java:306)
	at org.springframework.beans.factory.support.DefaultSingletonBeanRegistry.getSingleton(DefaultSingletonBeanRegistry.java:230)
	at org.springframework.beans.factory.support.AbstractBeanFactory.doGetBean(AbstractBeanFactory.java:302)
	at org.springframework.beans.factory.support.AbstractBeanFactory.getBean(AbstractBeanFactory.java:197)
	at org.springframework.beans.factory.support.DefaultListableBeanFactory.preInstantiateSingletons(DefaultListableBeanFactory.java:761)
	at org.springframework.context.support.AbstractApplicationContext.finishBeanFactoryInitialization(AbstractApplicationContext.java:866)
	at org.springframework.context.support.AbstractApplicationContext.refresh(AbstractApplicationContext.java:542)
	at org.springframework.test.context.web.AbstractGenericWebContextLoader.loadContext(AbstractGenericWebContextLoader.java:134)
	at org.springframework.test.context.web.AbstractGenericWebContextLoader.loadContext(AbstractGenericWebContextLoader.java:61)
	at org.springframework.test.context.support.AbstractDelegatingSmartContextLoader.delegateLoading(AbstractDelegatingSmartContextLoader.java:108)
	at org.springframework.test.context.support.AbstractDelegatingSmartContextLoader.loadContext(AbstractDelegatingSmartContextLoader.java:251)
	at org.springframework.test.context.cache.DefaultCacheAwareContextLoaderDelegate.loadContextInternal(DefaultCacheAwareContextLoaderDelegate.java:98)
	at org.springframework.test.context.cache.DefaultCacheAwareContextLoaderDelegate.loadContext(DefaultCacheAwareContextLoaderDelegate.java:116)
	... 29 more
Caused by: java.lang.ExceptionInInitializerError
	at sun.reflect.NativeConstructorAccessorImpl.newInstance0(Native Method)
	at sun.reflect.NativeConstructorAccessorImpl.newInstance(NativeConstructorAccessorImpl.java:57)
	at sun.reflect.DelegatingConstructorAccessorImpl.newInstance(DelegatingConstructorAccessorImpl.java:45)
	at java.lang.reflect.Constructor.newInstance(Constructor.java:526)
	at org.springframework.beans.BeanUtils.instantiateClass(BeanUtils.java:142)
	at org.springframework.beans.factory.support.SimpleInstantiationStrategy.instantiate(SimpleInstantiationStrategy.java:89)
	at org.springframework.beans.factory.support.AbstractAutowireCapableBeanFactory.instantiateBean(AbstractAutowireCapableBeanFactory.java:1147)
	... 45 more
Caused by: java.lang.IllegalArgumentException: Properties file not found in classpath: jpush.properties
	at com.yatang.xc.xcr.biz.message.util.Prop.<init>(Prop.java:28)
	at com.yatang.xc.xcr.biz.message.util.PropUtil.use(PropUtil.java:28)
	at com.yatang.xc.xcr.biz.message.util.PropUtil.use(PropUtil.java:19)
	at com.yatang.xc.xcr.biz.message.dubboservice.impl.JpushMsgDubboServiceImpl.<clinit>(JpushMsgDubboServiceImpl.java:30)
	... 52 more
2018-01-17 16:35:37,267 INFO [org.springframework.test.context.support.DefaultTestContextBootstrapper] - Loaded default TestExecutionListener class names from location [META-INF/spring.factories]: [org.springframework.test.context.web.ServletTestExecutionListener, org.springframework.test.context.support.DirtiesContextBeforeModesTestExecutionListener, org.springframework.test.context.support.DependencyInjectionTestExecutionListener, org.springframework.test.context.support.DirtiesContextTestExecutionListener, org.springframework.test.context.transaction.TransactionalTestExecutionListener, org.springframework.test.context.jdbc.SqlScriptsTestExecutionListener]
2018-01-17 16:35:37,281 INFO [org.springframework.test.context.support.DefaultTestContextBootstrapper] - Using TestExecutionListeners: [org.springframework.test.context.web.ServletTestExecutionListener@390ac73b, org.springframework.test.context.support.DirtiesContextBeforeModesTestExecutionListener@729e0fbe, org.springframework.test.context.support.DependencyInjectionTestExecutionListener@671bbdbb, org.springframework.test.context.support.DirtiesContextTestExecutionListener@4e4574df, org.springframework.test.context.transaction.TransactionalTestExecutionListener@31fc049e, org.springframework.test.context.jdbc.SqlScriptsTestExecutionListener@18933ab5]
2018-01-17 16:35:37,558 INFO [org.springframework.beans.factory.xml.XmlBeanDefinitionReader] - Loading XML bean definitions from URL [file:/D:/workspace/backend/trunk/xcr-message/xcr-message-dubbo/target/test-classes/test/applicationContext-test.xml]
2018-01-17 16:35:37,657 INFO [org.springframework.beans.factory.xml.XmlBeanDefinitionReader] - Loading XML bean definitions from file [D:\workspace\backend\trunk\xcr-message\xcr-message-dubbo\target\classes\spring\applicationContext-dubbo.xml]
2018-01-17 16:35:37,814 INFO [org.springframework.beans.factory.xml.XmlBeanDefinitionReader] - Loading XML bean definitions from URL [jar:file:/D:/maven/self_repository/com/yatang/xc/oc/core/org/core-org-client/dev-SNAPSHOT/core-org-client-dev-20180111.080256-304.jar!/com/yatang/xc/mbd/biz/org/dubboservice/dubbo-consumer.xml]
2018-01-17 16:35:37,868 INFO [com.alibaba.dubbo.common.logger.LoggerFactory] - using logger: com.alibaba.dubbo.common.logger.log4j.Log4jLoggerAdapter
2018-01-17 16:35:37,900 INFO [org.springframework.beans.factory.xml.XmlBeanDefinitionReader] - Loading XML bean definitions from URL [file:/D:/workspace/backend/trunk/xcr-core/xcr-core-client/target/classes/com/yatang/xc/xcr/biz/core/dubboservice/dubbo-consumer.xml]
2018-01-17 16:35:37,998 INFO [org.springframework.beans.factory.xml.XmlBeanDefinitionReader] - Loading XML bean definitions from file [D:\workspace\backend\trunk\xcr-message\xcr-message-service\target\classes\spring\applicationContext-env.xml]
2018-01-17 16:35:38,041 INFO [org.springframework.beans.factory.xml.DefaultBeanDefinitionDocumentReader] - Skipped XML bean definition file due to specified profiles [dev] not matching: file [D:\workspace\backend\trunk\xcr-message\xcr-message-service\target\classes\spring\applicationContext-env.xml]
2018-01-17 16:35:38,041 INFO [org.springframework.beans.factory.xml.DefaultBeanDefinitionDocumentReader] - Skipped XML bean definition file due to specified profiles [sit] not matching: file [D:\workspace\backend\trunk\xcr-message\xcr-message-service\target\classes\spring\applicationContext-env.xml]
2018-01-17 16:35:38,042 INFO [org.springframework.beans.factory.xml.DefaultBeanDefinitionDocumentReader] - Skipped XML bean definition file due to specified profiles [uat] not matching: file [D:\workspace\backend\trunk\xcr-message\xcr-message-service\target\classes\spring\applicationContext-env.xml]
2018-01-17 16:35:38,042 INFO [org.springframework.beans.factory.xml.DefaultBeanDefinitionDocumentReader] - Skipped XML bean definition file due to specified profiles [stage] not matching: file [D:\workspace\backend\trunk\xcr-message\xcr-message-service\target\classes\spring\applicationContext-env.xml]
2018-01-17 16:35:38,042 INFO [org.springframework.beans.factory.xml.DefaultBeanDefinitionDocumentReader] - Skipped XML bean definition file due to specified profiles [prd] not matching: file [D:\workspace\backend\trunk\xcr-message\xcr-message-service\target\classes\spring\applicationContext-env.xml]
2018-01-17 16:35:38,042 INFO [org.springframework.beans.factory.xml.XmlBeanDefinitionReader] - Loading XML bean definitions from file [D:\workspace\backend\trunk\xcr-message\xcr-message-service\target\classes\spring\applicationContext-redis.xml]
2018-01-17 16:35:38,067 INFO [org.springframework.beans.factory.xml.XmlBeanDefinitionReader] - Loading XML bean definitions from file [D:\workspace\backend\trunk\xcr-message\xcr-message-service\target\classes\spring\applicationContext.xml]
2018-01-17 16:35:38,147 INFO [org.springframework.beans.factory.xml.XmlBeanDefinitionReader] - Loading XML bean definitions from URL [jar:file:/D:/maven/self_repository/com/busi/mongo/busi-mongo/dev-SNAPSHOT/busi-mongo-dev-20180108.043425-49.jar!/spring/applicationContext.xml]
2018-01-17 16:35:38,211 INFO [org.springframework.context.support.GenericApplicationContext] - Refreshing org.springframework.context.support.GenericApplicationContext@3c966db5: startup date [Wed Jan 17 16:35:38 CST 2018]; root of context hierarchy
2018-01-17 16:35:38,401 WARN [org.mybatis.spring.mapper.ClassPathMapperScanner] - No MyBatis mapper was found in '[com.yatang.xc.xcr.biz.mission.dao]' package. Please check your configuration.
2018-01-17 16:35:38,449 WARN [org.springframework.context.support.GenericApplicationContext] - Exception encountered during context initialization - cancelling refresh attempt: org.springframework.beans.factory.BeanCreationException: Error creating bean with name 'jpushMsgDubboService' defined in file [D:\workspace\backend\trunk\xcr-message\xcr-message-dubbo\target\classes\com\yatang\xc\xcr\biz\message\dubboservice\impl\JpushMsgDubboServiceImpl.class]: Instantiation of bean failed; nested exception is java.lang.ExceptionInInitializerError
2018-01-17 16:35:38,451 ERROR [org.springframework.test.context.TestContextManager] - Caught exception while allowing TestExecutionListener [org.springframework.test.context.support.DependencyInjectionTestExecutionListener@671bbdbb] to prepare test instance [test.com.yatang.xc.xcr.biz.TestJpushMsgDubboService@368e091]
java.lang.IllegalStateException: Failed to load ApplicationContext
	at org.springframework.test.context.cache.DefaultCacheAwareContextLoaderDelegate.loadContext(DefaultCacheAwareContextLoaderDelegate.java:124)
	at org.springframework.test.context.support.DefaultTestContext.getApplicationContext(DefaultTestContext.java:83)
	at org.springframework.test.context.support.DependencyInjectionTestExecutionListener.injectDependencies(DependencyInjectionTestExecutionListener.java:117)
	at org.springframework.test.context.support.DependencyInjectionTestExecutionListener.prepareTestInstance(DependencyInjectionTestExecutionListener.java:83)
	at org.springframework.test.context.TestContextManager.prepareTestInstance(TestContextManager.java:230)
	at org.springframework.test.context.junit4.SpringJUnit4ClassRunner.createTest(SpringJUnit4ClassRunner.java:228)
	at org.springframework.test.context.junit4.SpringJUnit4ClassRunner$1.runReflectiveCall(SpringJUnit4ClassRunner.java:287)
	at org.junit.internal.runners.model.ReflectiveCallable.run(ReflectiveCallable.java:12)
	at org.springframework.test.context.junit4.SpringJUnit4ClassRunner.methodBlock(SpringJUnit4ClassRunner.java:289)
	at org.springframework.test.context.junit4.SpringJUnit4ClassRunner.runChild(SpringJUnit4ClassRunner.java:247)
	at org.springframework.test.context.junit4.SpringJUnit4ClassRunner.runChild(SpringJUnit4ClassRunner.java:94)
	at org.junit.runners.ParentRunner$3.run(ParentRunner.java:290)
	at org.junit.runners.ParentRunner$1.schedule(ParentRunner.java:71)
	at org.junit.runners.ParentRunner.runChildren(ParentRunner.java:288)
	at org.junit.runners.ParentRunner.access$000(ParentRunner.java:58)
	at org.junit.runners.ParentRunner$2.evaluate(ParentRunner.java:268)
	at org.springframework.test.context.junit4.statements.RunBeforeTestClassCallbacks.evaluate(RunBeforeTestClassCallbacks.java:61)
	at org.springframework.test.context.junit4.statements.RunAfterTestClassCallbacks.evaluate(RunAfterTestClassCallbacks.java:70)
	at org.junit.runners.ParentRunner.run(ParentRunner.java:363)
	at org.springframework.test.context.junit4.SpringJUnit4ClassRunner.run(SpringJUnit4ClassRunner.java:191)
	at org.junit.runner.JUnitCore.run(JUnitCore.java:137)
	at com.intellij.junit4.JUnit4IdeaTestRunner.startRunnerWithArgs(JUnit4IdeaTestRunner.java:119)
	at com.intellij.junit4.JUnit4IdeaTestRunner.startRunnerWithArgs(JUnit4IdeaTestRunner.java:42)
	at com.intellij.rt.execution.junit.JUnitStarter.prepareStreamsAndStart(JUnitStarter.java:234)
	at com.intellij.rt.execution.junit.JUnitStarter.main(JUnitStarter.java:74)
	at sun.reflect.NativeMethodAccessorImpl.invoke0(Native Method)
	at sun.reflect.NativeMethodAccessorImpl.invoke(NativeMethodAccessorImpl.java:57)
	at sun.reflect.DelegatingMethodAccessorImpl.invoke(DelegatingMethodAccessorImpl.java:43)
	at java.lang.reflect.Method.invoke(Method.java:606)
	at com.intellij.rt.execution.application.AppMain.main(AppMain.java:144)
Caused by: org.springframework.beans.factory.BeanCreationException: Error creating bean with name 'jpushMsgDubboService' defined in file [D:\workspace\backend\trunk\xcr-message\xcr-message-dubbo\target\classes\com\yatang\xc\xcr\biz\message\dubboservice\impl\JpushMsgDubboServiceImpl.class]: Instantiation of bean failed; nested exception is java.lang.ExceptionInInitializerError
	at org.springframework.beans.factory.support.AbstractAutowireCapableBeanFactory.instantiateBean(AbstractAutowireCapableBeanFactory.java:1155)
	at org.springframework.beans.factory.support.AbstractAutowireCapableBeanFactory.createBeanInstance(AbstractAutowireCapableBeanFactory.java:1099)
	at org.springframework.beans.factory.support.AbstractAutowireCapableBeanFactory.doCreateBean(AbstractAutowireCapableBeanFactory.java:513)
	at org.springframework.beans.factory.support.AbstractAutowireCapableBeanFactory.createBean(AbstractAutowireCapableBeanFactory.java:483)
	at org.springframework.beans.factory.support.AbstractBeanFactory$1.getObject(AbstractBeanFactory.java:306)
	at org.springframework.beans.factory.support.DefaultSingletonBeanRegistry.getSingleton(DefaultSingletonBeanRegistry.java:230)
	at org.springframework.beans.factory.support.AbstractBeanFactory.doGetBean(AbstractBeanFactory.java:302)
	at org.springframework.beans.factory.support.AbstractBeanFactory.getBean(AbstractBeanFactory.java:197)
	at org.springframework.beans.factory.support.DefaultListableBeanFactory.preInstantiateSingletons(DefaultListableBeanFactory.java:761)
	at org.springframework.context.support.AbstractApplicationContext.finishBeanFactoryInitialization(AbstractApplicationContext.java:866)
	at org.springframework.context.support.AbstractApplicationContext.refresh(AbstractApplicationContext.java:542)
	at org.springframework.test.context.support.AbstractGenericContextLoader.loadContext(AbstractGenericContextLoader.java:128)
	at org.springframework.test.context.support.AbstractGenericContextLoader.loadContext(AbstractGenericContextLoader.java:60)
	at org.springframework.test.context.support.AbstractDelegatingSmartContextLoader.delegateLoading(AbstractDelegatingSmartContextLoader.java:108)
	at org.springframework.test.context.support.AbstractDelegatingSmartContextLoader.loadContext(AbstractDelegatingSmartContextLoader.java:251)
	at org.springframework.test.context.cache.DefaultCacheAwareContextLoaderDelegate.loadContextInternal(DefaultCacheAwareContextLoaderDelegate.java:98)
	at org.springframework.test.context.cache.DefaultCacheAwareContextLoaderDelegate.loadContext(DefaultCacheAwareContextLoaderDelegate.java:116)
	... 29 more
Caused by: java.lang.ExceptionInInitializerError
	at sun.reflect.NativeConstructorAccessorImpl.newInstance0(Native Method)
	at sun.reflect.NativeConstructorAccessorImpl.newInstance(NativeConstructorAccessorImpl.java:57)
	at sun.reflect.DelegatingConstructorAccessorImpl.newInstance(DelegatingConstructorAccessorImpl.java:45)
	at java.lang.reflect.Constructor.newInstance(Constructor.java:526)
	at org.springframework.beans.BeanUtils.instantiateClass(BeanUtils.java:142)
	at org.springframework.beans.factory.support.SimpleInstantiationStrategy.instantiate(SimpleInstantiationStrategy.java:89)
	at org.springframework.beans.factory.support.AbstractAutowireCapableBeanFactory.instantiateBean(AbstractAutowireCapableBeanFactory.java:1147)
	... 45 more
Caused by: java.lang.IllegalArgumentException: Properties file not found in classpath: jpush.properties
	at com.yatang.xc.xcr.biz.message.util.Prop.<init>(Prop.java:28)
	at com.yatang.xc.xcr.biz.message.util.PropUtil.use(PropUtil.java:28)
	at com.yatang.xc.xcr.biz.message.util.PropUtil.use(PropUtil.java:19)
	at com.yatang.xc.xcr.biz.message.dubboservice.impl.JpushMsgDubboServiceImpl.<clinit>(JpushMsgDubboServiceImpl.java:30)
	... 52 more
